2025-11-20T06:40:14.234Z error: MongoServerError: bad auth : authentication failed
    at Connection.sendCommand (D:\node\nik.ai\node_modules\mongodb\src\cmap\connection.ts:559:17)
    at process.processTicksAndRejections (node:internal/process/task_queues:95:5)
    at Connection.command (D:\node\nik.ai\node_modules\mongodb\src\cmap\connection.ts:633:22)
    at continueScramConversation (D:\node\nik.ai\node_modules\mongodb\src\cmap\auth\scram.ts:187:13)
    at executeScram (D:\node\nik.ai\node_modules\mongodb\src\cmap\auth\scram.ts:114:3)
    at ScramSHA1.auth (D:\node\nik.ai\node_modules\mongodb\src\cmap\auth\scram.ts:60:12)
    at performInitialHandshake (D:\node\nik.ai\node_modules\mongodb\src\cmap\connect.ts:164:7)
    at connect (D:\node\nik.ai\node_modules\mongodb\src\cmap\connect.ts:43:5)
2025-11-20T06:41:36.849Z error: MongoServerError: bad auth : authentication failed
    at Connection.sendCommand (D:\node\nik.ai\node_modules\mongodb\src\cmap\connection.ts:559:17)
    at process.processTicksAndRejections (node:internal/process/task_queues:95:5)
    at Connection.command (D:\node\nik.ai\node_modules\mongodb\src\cmap\connection.ts:633:22)
    at continueScramConversation (D:\node\nik.ai\node_modules\mongodb\src\cmap\auth\scram.ts:187:13)
    at executeScram (D:\node\nik.ai\node_modules\mongodb\src\cmap\auth\scram.ts:114:3)
    at ScramSHA1.auth (D:\node\nik.ai\node_modules\mongodb\src\cmap\auth\scram.ts:60:12)
    at performInitialHandshake (D:\node\nik.ai\node_modules\mongodb\src\cmap\connect.ts:164:7)
    at connect (D:\node\nik.ai\node_modules\mongodb\src\cmap\connect.ts:43:5)
2025-11-20T06:42:28.110Z error: MongoServerError: bad auth : authentication failed
    at Connection.sendCommand (D:\node\nik.ai\node_modules\mongodb\src\cmap\connection.ts:559:17)
    at process.processTicksAndRejections (node:internal/process/task_queues:95:5)
    at Connection.command (D:\node\nik.ai\node_modules\mongodb\src\cmap\connection.ts:633:22)
    at continueScramConversation (D:\node\nik.ai\node_modules\mongodb\src\cmap\auth\scram.ts:187:13)
    at executeScram (D:\node\nik.ai\node_modules\mongodb\src\cmap\auth\scram.ts:114:3)
    at ScramSHA1.auth (D:\node\nik.ai\node_modules\mongodb\src\cmap\auth\scram.ts:60:12)
    at performInitialHandshake (D:\node\nik.ai\node_modules\mongodb\src\cmap\connect.ts:164:7)
    at connect (D:\node\nik.ai\node_modules\mongodb\src\cmap\connect.ts:43:5)
2025-11-20T06:43:29.303Z error: MongoServerError: bad auth : authentication failed
    at Connection.sendCommand (D:\node\nik.ai\node_modules\mongodb\src\cmap\connection.ts:559:17)
    at process.processTicksAndRejections (node:internal/process/task_queues:95:5)
    at Connection.command (D:\node\nik.ai\node_modules\mongodb\src\cmap\connection.ts:633:22)
    at continueScramConversation (D:\node\nik.ai\node_modules\mongodb\src\cmap\auth\scram.ts:187:13)
    at executeScram (D:\node\nik.ai\node_modules\mongodb\src\cmap\auth\scram.ts:114:3)
    at ScramSHA1.auth (D:\node\nik.ai\node_modules\mongodb\src\cmap\auth\scram.ts:60:12)
    at performInitialHandshake (D:\node\nik.ai\node_modules\mongodb\src\cmap\connect.ts:164:7)
    at connect (D:\node\nik.ai\node_modules\mongodb\src\cmap\connect.ts:43:5)
2025-11-20T06:43:50.400Z error: MongoServerError: bad auth : authentication failed
    at Connection.sendCommand (D:\node\nik.ai\node_modules\mongodb\src\cmap\connection.ts:559:17)
    at process.processTicksAndRejections (node:internal/process/task_queues:95:5)
    at Connection.command (D:\node\nik.ai\node_modules\mongodb\src\cmap\connection.ts:633:22)
    at continueScramConversation (D:\node\nik.ai\node_modules\mongodb\src\cmap\auth\scram.ts:187:13)
    at executeScram (D:\node\nik.ai\node_modules\mongodb\src\cmap\auth\scram.ts:114:3)
    at ScramSHA1.auth (D:\node\nik.ai\node_modules\mongodb\src\cmap\auth\scram.ts:60:12)
    at performInitialHandshake (D:\node\nik.ai\node_modules\mongodb\src\cmap\connect.ts:164:7)
    at connect (D:\node\nik.ai\node_modules\mongodb\src\cmap\connect.ts:43:5)
2025-11-20T06:44:37.041Z error: MongoServerError: bad auth : authentication failed
    at Connection.sendCommand (D:\node\nik.ai\node_modules\mongodb\src\cmap\connection.ts:559:17)
    at process.processTicksAndRejections (node:internal/process/task_queues:95:5)
    at Connection.command (D:\node\nik.ai\node_modules\mongodb\src\cmap\connection.ts:633:22)
    at continueScramConversation (D:\node\nik.ai\node_modules\mongodb\src\cmap\auth\scram.ts:187:13)
    at executeScram (D:\node\nik.ai\node_modules\mongodb\src\cmap\auth\scram.ts:114:3)
    at ScramSHA1.auth (D:\node\nik.ai\node_modules\mongodb\src\cmap\auth\scram.ts:60:12)
    at performInitialHandshake (D:\node\nik.ai\node_modules\mongodb\src\cmap\connect.ts:164:7)
    at connect (D:\node\nik.ai\node_modules\mongodb\src\cmap\connect.ts:43:5)
2025-11-20T06:46:54.503Z error: MongoServerError: bad auth : authentication failed
    at Connection.sendCommand (D:\node\nik.ai\node_modules\mongodb\src\cmap\connection.ts:559:17)
    at process.processTicksAndRejections (node:internal/process/task_queues:95:5)
    at Connection.command (D:\node\nik.ai\node_modules\mongodb\src\cmap\connection.ts:633:22)
    at continueScramConversation (D:\node\nik.ai\node_modules\mongodb\src\cmap\auth\scram.ts:187:13)
    at executeScram (D:\node\nik.ai\node_modules\mongodb\src\cmap\auth\scram.ts:114:3)
    at ScramSHA1.auth (D:\node\nik.ai\node_modules\mongodb\src\cmap\auth\scram.ts:60:12)
    at performInitialHandshake (D:\node\nik.ai\node_modules\mongodb\src\cmap\connect.ts:164:7)
    at connect (D:\node\nik.ai\node_modules\mongodb\src\cmap\connect.ts:43:5)
2025-11-20T09:26:28.475Z error: Unexpected error type caught in ErrorHandler middleware
2025-11-20T09:26:28.504Z error: Error: Cannot read properties of undefined (reading 'regenerate')
    at globalExceptionHandler (d:\node\nik.ai\src\core\middlewares\exceptionHandler.ts:11:17)
    at Layer.handleError (D:\node\nik.ai\node_modules\router\lib\layer.js:116:17)
    at trimPrefix (D:\node\nik.ai\node_modules\router\index.js:340:13)
    at D:\node\nik.ai\node_modules\router\index.js:297:9
    at processParams (D:\node\nik.ai\node_modules\router\index.js:582:12)
    at Immediate.next (D:\node\nik.ai\node_modules\router\index.js:291:5)
    at Immediate._onImmediate (D:\node\nik.ai\node_modules\router\index.js:688:15)
    at process.processImmediate (node:internal/timers:478:21)
2025-11-20T09:27:07.054Z error: Unexpected error type caught in ErrorHandler middleware
2025-11-20T09:27:07.056Z error: Error: Cannot read properties of undefined (reading 'regenerate')
    at globalExceptionHandler (d:\node\nik.ai\src\core\middlewares\exceptionHandler.ts:11:17)
    at Layer.handleError (D:\node\nik.ai\node_modules\router\lib\layer.js:116:17)
    at trimPrefix (D:\node\nik.ai\node_modules\router\index.js:340:13)
    at D:\node\nik.ai\node_modules\router\index.js:297:9
    at processParams (D:\node\nik.ai\node_modules\router\index.js:582:12)
    at Immediate.next (D:\node\nik.ai\node_modules\router\index.js:291:5)
    at Immediate._onImmediate (D:\node\nik.ai\node_modules\router\index.js:688:15)
    at process.processImmediate (node:internal/timers:478:21)
2025-11-20T09:29:38.908Z error: Unexpected error type caught in ErrorHandler middleware
2025-11-20T09:29:38.910Z error: Error: Cannot read properties of undefined (reading 'regenerate')
    at globalExceptionHandler (d:\node\nik.ai\src\core\middlewares\exceptionHandler.ts:11:17)
    at Layer.handleError (D:\node\nik.ai\node_modules\router\lib\layer.js:116:17)
    at trimPrefix (D:\node\nik.ai\node_modules\router\index.js:340:13)
    at D:\node\nik.ai\node_modules\router\index.js:297:9
    at processParams (D:\node\nik.ai\node_modules\router\index.js:582:12)
    at Immediate.next (D:\node\nik.ai\node_modules\router\index.js:291:5)
    at Immediate._onImmediate (D:\node\nik.ai\node_modules\router\index.js:688:15)
    at process.processImmediate (node:internal/timers:478:21)
